[01:25:25] [ServerMain/INFO]: [bootstrap] Running Java 21 (OpenJDK 64-Bit Server VM 21.0.8+9-Ubuntu-0ubuntu124.04.1; Ubuntu null) on Linux 6.8.0-1030-azure (amd64)
[01:25:25] [ServerMain/INFO]: [bootstrap] Loading Paper 1.21.1-57-master@b483da4 (2024-09-01T18:09:05Z) for Minecraft 1.21.1
[01:25:25] [ServerMain/INFO]: [PluginInitializerManager] Initializing plugins...
[01:25:26] [ServerMain/INFO]: [PluginInitializerManager] Initialized 3 plugins
[01:25:26] [ServerMain/INFO]: [PluginInitializerManager] Bukkit plugins (3):
 - PlugManX (2.4.1), ViaBackwards (5.4.2), ViaVersion (5.4.2)
[01:25:31] [ServerMain/INFO]: Environment: Environment[sessionHost=https://sessionserver.mojang.com, servicesHost=https://api.minecraftservices.com, name=PROD]
[01:25:35] [ServerMain/INFO]: Loaded 1291 recipes
[01:25:36] [ServerMain/INFO]: Loaded 1522 advancements
[01:25:36] [Server thread/INFO]: Starting minecraft server version 1.21.1
[01:25:36] [Server thread/INFO]: Loading properties
[01:25:36] [Server thread/INFO]: This server is running Paper version 1.21.1-57-master@b483da4 (2024-09-01T18:09:05Z) (Implementing API version 1.21.1-R0.1-SNAPSHOT)
[01:25:37] [Server thread/INFO]: [spark] This server bundles the spark profiler. For more information please visit https://docs.papermc.io/paper/profiling
[01:25:37] [Server thread/INFO]: Server Ping Player Sample Count: 12
[01:25:37] [Server thread/INFO]: Using 4 threads for Netty based IO
[01:25:38] [Server thread/INFO]: [ChunkTaskScheduler] Chunk system is using 1 I/O threads, 1 worker threads, and population gen parallelism of 1 threads
[01:25:38] [Server thread/INFO]: Default game type: SURVIVAL
[01:25:38] [Server thread/INFO]: Generating keypair
[01:25:38] [Server thread/INFO]: Starting Minecraft server on *:25565
[01:25:38] [Server thread/INFO]: Using epoll channel type
[01:25:38] [Server thread/INFO]: Paper: Using libdeflate (Linux x86_64) compression from Velocity.
[01:25:38] [Server thread/INFO]: Paper: Using OpenSSL 3.0.x (Linux x86_64) cipher from Velocity.
[01:25:39] [Server thread/INFO]: [ViaVersion] Loading server plugin ViaVersion v5.4.2
[01:25:39] [Server thread/INFO]: [ViaVersion] ViaVersion 5.4.2 is now loaded. Registering protocol transformers and injecting...
[01:25:41] [Via-Mappingloader-0/INFO]: [ViaVersion] Loading block connection mappings ...
[01:25:41] [Via-Mappingloader-0/INFO]: [ViaVersion] Using FastUtil Long2ObjectOpenHashMap for block connections
[01:25:42] [Server thread/INFO]: [ViaBackwards] Loading translations...
[01:25:42] [Server thread/INFO]: [ViaBackwards] Registering protocols...
[01:25:44] [Server thread/INFO]: [ViaBackwards] Loading server plugin ViaBackwards v5.4.2
[01:25:44] [Server thread/INFO]: [PlugManX] Loading server plugin PlugManX v2.4.1
[01:25:44] [Server thread/INFO]: Server permissions file permissions.yml is empty, ignoring it
[01:25:44] [Server thread/INFO]: [PlugManX] Enabling PlugManX v2.4.1
[01:25:44] [Server thread/WARN]: [PlugManX] ~~~~~~~~~~~~~~~~~~~~~~~~~~~~~~~~~~~~~~~~~~~~~~~~~~~~~~~~~~~~~~~~~~~~~~
[01:25:44] [Server thread/WARN]: [PlugManX] It seems like you're running on paper.
[01:25:44] [Server thread/WARN]: [PlugManX] PlugManX cannot interact with paper-plugins, yet.
[01:25:44] [Server thread/WARN]: [PlugManX] Also, if you encounter any issues, please join my discord: https://discord.gg/GxEFhVY6ff
[01:25:44] [Server thread/WARN]: [PlugManX] Or create an issue on GitHub: https://github.com/TheBlackEntity/PlugMan
[01:25:44] [Server thread/WARN]: [PlugManX] ~~~~~~~~~~~~~~~~~~~~~~~~~~~~~~~~~~~~~~~~~~~~~~~~~~~~~~~~~~~~~~~~~~~~~~
[01:25:44] [Server thread/INFO]: Preparing level "world"
[01:25:45] [Server thread/INFO]: Preparing start region for dimension minecraft:overworld
[01:25:46] [Server thread/INFO]: Time elapsed: 1215 ms
[01:25:46] [Server thread/INFO]: Preparing start region for dimension minecraft:the_nether
[01:25:47] [Server thread/INFO]: Time elapsed: 1022 ms
[01:25:47] [Server thread/INFO]: Preparing start region for dimension minecraft:the_end
[01:25:47] [Server thread/INFO]: Time elapsed: 73 ms
[01:25:47] [Server thread/INFO]: [ViaVersion] Enabling ViaVersion v5.4.2
[01:25:47] [Server thread/INFO]: [ViaVersion] ViaVersion detected server version: 1.21-1.21.1 (767)
[01:25:47] [Server thread/INFO]: [ViaBackwards] Enabling ViaBackwards v5.4.2
[01:25:47] [Server thread/INFO]: [spark] Starting background profiler...
[01:25:48] [Server thread/INFO]: Done preparing level "world" (4.509s)
[01:25:48] [Server thread/INFO]: Running delayed init tasks
[01:25:48] [Server thread/INFO]: Done (24.973s)! For help, type "help"
[01:25:48] [Server thread/INFO]: Timings Reset
[01:25:48] [Craft Scheduler Thread - 2 - ViaVersion/INFO]: [ViaVersion] Finished mapping loading, shutting down loader executor.
[01:26:23] [User Authenticator #0/INFO]: UUID of player AWE5 is 80f7d5f8-a45d-4c53-aa65-f65bc50b2657
[01:26:32] [Server thread/INFO]: AWE5 joined the game
[01:26:32] [Server thread/INFO]: AWE5[/127.220.99.169:50741] logged in with entity id 40 at ([world]-980.6003851836286, 77.0, 63.339206539136086)
[01:26:44] [User Authenticator #0/INFO]: UUID of player Polowas is a2b56618-1aef-407b-afe8-1edfbeb53a68
[01:26:47] [Server thread/INFO]: Polowas joined the game
[01:26:47] [Server thread/INFO]: Polowas[/127.22.55.253:53093] logged in with entity id 260 at ([world]-1019.757147025694, 77.0, 56.63582944995099)
[01:27:59] [Async Chat Thread - #1/INFO]: <Polowas> prende el dupper
[01:29:58] [Server thread/INFO]: AWE5 issued server command: /difi
[01:30:00] [Server thread/INFO]: AWE5 issued server command: /difficulty
[01:43:43] [Async Chat Thread - #3/INFO]: <AWE5> manteca
[01:45:15] [User Authenticator #1/INFO]: UUID of player LouCarrion is 752f2133-4ef6-4a6f-80be-c9a943aca3a3
[01:45:16] [Server thread/INFO]: LouCarrion joined the game
[01:45:16] [Server thread/INFO]: LouCarrion[/127.34.162.246:41843] logged in with entity id 18121 at ([world_nether]52.53792875915727, 59.0, -525.3000000119209)
[01:45:30] [Async Chat Thread - #5/INFO]: <LouCarrion> AWE5
[01:45:38] [Async Chat Thread - #5/INFO]: <LouCarrion> AWE5
[01:46:07] [Async Chat Thread - #5/INFO]: <LouCarrion> AWE5
[01:46:29] [Server thread/INFO]: AWE5 issued server command: /tps
[01:46:39] [Server thread/INFO]: AWE5 issued server command: /tag
[01:46:45] [Server thread/INFO]: AWE5 issued server command: /tag AWE5 list
[01:46:48] [Server thread/INFO]: AWE5 issued server command: /tag AWE5 add niga
[01:46:48] [Server thread/INFO]: [AWE5: Added tag 'niga' to AWE5]
[01:46:50] [Async Chat Thread - #5/INFO]: <AWE5> asd
[01:46:55] [Server thread/INFO]: AWE5 issued server command: /tag AWE5 list
[01:47:00] [Server thread/INFO]: AWE5 issued server command: /list
[01:47:06] [Async Chat Thread - #5/INFO]: <LouCarrion> y esa skin
[01:47:08] [Server thread/INFO]: AWE5 issued server command: /tag AWE5 remove niga
[01:47:08] [Server thread/INFO]: [AWE5: Removed tag 'niga' from AWE5]
[01:47:12] [Async Chat Thread - #5/INFO]: <LouCarrion> irl
[01:47:30] [Async Chat Thread - #5/INFO]: <LouCarrion> Polowas
[01:47:42] [Async Chat Thread - #5/INFO]: <Polowas> ?
[01:48:01] [Async Chat Thread - #5/INFO]: <LouCarrion> estas en la aldea?
[01:48:05] [Async Chat Thread - #5/INFO]: <Polowas> si
[01:48:30] [Async Chat Thread - #5/INFO]: <LouCarrion> entra en el porta y paasame las cords bro
[01:48:36] [Async Chat Thread - #5/INFO]: <Polowas> no
[01:48:43] [Async Chat Thread - #5/INFO]: <LouCarrion> dale
[01:48:56] [Async Chat Thread - #5/INFO]: <AWE5> me aburri
[01:48:57] [Async Chat Thread - #5/INFO]: <AWE5> gn
[01:48:59] [Server thread/INFO]: AWE5 lost connection: Disconnected
[01:48:59] [Server thread/INFO]: AWE5 left the game
[01:49:00] [Async Chat Thread - #6/INFO]: <Polowas> divide las coords de la base
[01:49:18] [Async Chat Thread - #6/INFO]: <LouCarrion> olvidalo bro
[01:49:37] [Server thread/INFO]: LouCarrion lost connection: Disconnected
[01:49:37] [Server thread/INFO]: LouCarrion left the game
[01:51:49] [User Authenticator #2/INFO]: UUID of player LouCarrion is 752f2133-4ef6-4a6f-80be-c9a943aca3a3
[01:51:50] [Server thread/INFO]: LouCarrion joined the game
[01:51:50] [Server thread/INFO]: LouCarrion[/127.34.162.246:42843] logged in with entity id 26169 at ([world_nether]33.72566435202402, 37.875, -778.9418121262062)
[01:53:25] [Server thread/INFO]: LouCarrion has completed the challenge [Hot Tourist Destinations]
[01:53:51] [User Authenticator #3/INFO]: UUID of player AWE5 is 80f7d5f8-a45d-4c53-aa65-f65bc50b2657
[01:53:53] [Server thread/INFO]: AWE5 joined the game
[01:53:53] [Server thread/INFO]: AWE5[/127.220.99.169:52381] logged in with entity id 28860 at ([world]-1025.7922422513416, 78.0, 81.69999998807907)
[01:54:28] [Async Chat Thread - #8/INFO]: <AWE5> pologuas rompio el portal
[01:54:33] [Async Chat Thread - #8/INFO]: <AWE5> y no puedo entrar
[01:54:50] [Async Chat Thread - #8/INFO]: <Polowas> solo dile que no lo quieres hacer
[01:54:52] [Async Chat Thread - #8/INFO]: <Polowas> y ya
[01:54:59] [Async Chat Thread - #8/INFO]: <AWE5> arregla lo que rompiste
[01:55:20] [Async Chat Thread - #9/INFO]: <AWE5> y este cofre escondido
